network information is 
the MAC address is 
the OUI is 
the manufacturer is 
*******************************************
network information is         ether 28:d2:44:07:dd:c6  txqueuelen 1000  (Ethernet)
        ether 9c:4e:36:b3:de:ac  txqueuelen 1000  (Ethernet)

the MAC address is 28:d2:44:07:dd:c6
the OUI is 28d244
the manufacturer is LCFC(HeFei) Electronics Technology Co., Ltd.

*******************************************
network information is         ether 28:d2:44:07:dd:c6  txqueuelen 1000  (Ethernet)
        ether 9c:4e:36:b3:de:ac  txqueuelen 1000  (Ethernet)

the MAC address is 28:d2:44:07:dd:c6
the OUI is 28d244
the manufacturer is LCFC(HeFei) Electronics Technology Co., Ltd.

*******************************************

network information is         ether 28:d2:44:07:dd:c6  txqueuelen 1000  (Ethernet)
        ether 9c:4e:36:b3:de:ac  txqueuelen 1000  (Ethernet)


the MAC address is 28:d2:44:07:dd:c6
the OUI is 28d244
the manufacturer is LCFC(HeFei) Electronics Technology Co., Ltd.

*******************************************

network information is         ether 28:d2:44:07:dd:c6  txqueuelen 1000  (Ethernet)
        ether 9c:4e:36:b3:de:ac  txqueuelen 1000  (Ethernet)


the MAC address is 28:d2:44:07:dd:c6
the OUI is 28d244
the manufacturer is LCFC(HeFei) Electronics Technology Co., Ltd.

*******************************************
